Start testing: Mar 27 15:35 中国标准时间
----------------------------------------------------------
1/2 Testing: smoke_test
1/2 Test: smoke_test
Command: "E:/LinearProgramingSolver/build/Debug/lp_solver_smoke_tests.exe"
Directory: E:/LinearProgramingSolver/build
"smoke_test" start time: Mar 27 15:35 中国标准时间
Output:
----------------------------------------------------------
<end of output>
Test time =   2.16 sec
----------------------------------------------------------
Test Passed.
"smoke_test" end time: Mar 27 15:35 中国标准时间
"smoke_test" time elapsed: 00:00:02
----------------------------------------------------------

2/2 Testing: stress_test
2/2 Test: stress_test
Command: "E:/LinearProgramingSolver/build/Debug/lp_solver_stress_tests.exe"
Directory: E:/LinearProgramingSolver/build
"stress_test" start time: Mar 27 15:35 中国标准时间
Output:
----------------------------------------------------------
<end of output>
Test time =   5.72 sec
----------------------------------------------------------
Test Passed.
"stress_test" end time: Mar 27 15:35 中国标准时间
"stress_test" time elapsed: 00:00:05
----------------------------------------------------------

End testing: Mar 27 15:35 中国标准时间
